<?xml version="1.0" encoding="UTF-8"?>
<testng-results total="5" passed="5" failed="0" skipped="0">
  <reporter-output>
  </reporter-output>
  <suite started-at="2021-09-22T12:15:52Z" name="Default suite" finished-at="2021-09-22T12:16:56Z" duration-ms="63991">
    <groups>
    </groups>
    <test started-at="2021-09-22T12:15:52Z" name="Default test" finished-at="2021-09-22T12:16:56Z" duration-ms="63991">
      <class name="Cardholder.Quick_Login_with_valid_credentials">
        <test-method is-config="true" signature="openBrowser()[pri:0, instance:Cardholder.Quick_Login_with_valid_credentials@13e344d]" started-at="2021-09-22T17:44:58Z" name="openBrowser" finished-at="2021-09-22T17:45:52Z" duration-ms="54191" status="PASS">
          <reporter-output>
          </reporter-output>
        </test-method> <!-- openBrowser -->
        <test-method signature="cardholderlogin(java.lang.String, java.lang.String)[pri:1, instance:Cardholder.Quick_Login_with_valid_credentials@13e344d]" started-at="2021-09-22T17:45:52Z" name="cardholderlogin" data-provider="login_data" finished-at="2021-09-22T17:45:57Z" duration-ms="5137" status="PASS">
          <params>
            <param index="0">
              <value>
                <![CDATA[5192607817637633]]>
              </value>
            </param>
            <param index="1">
              <value>
                <![CDATA[GJj88HJ]]>
              </value>
            </param>
          </params>
          <reporter-output>
          </reporter-output>
        </test-method> <!-- cardholderlogin -->
        <test-method signature="cardholderlogin(java.lang.String, java.lang.String)[pri:1, instance:Cardholder.Quick_Login_with_valid_credentials@13e344d]" started-at="2021-09-22T17:45:57Z" name="cardholderlogin" data-provider="login_data" finished-at="2021-09-22T17:46:01Z" duration-ms="4416" status="PASS">
          <params>
            <param index="0">
              <value>
                <![CDATA[5192607817637308]]>
              </value>
            </param>
            <param index="1">
              <value>
                <![CDATA[GJj88HJ]]>
              </value>
            </param>
          </params>
          <reporter-output>
          </reporter-output>
        </test-method> <!-- cardholderlogin -->
        <test-method signature="cardholderlogin(java.lang.String, java.lang.String)[pri:1, instance:Cardholder.Quick_Login_with_valid_credentials@13e344d]" started-at="2021-09-22T17:46:01Z" name="cardholderlogin" data-provider="login_data" finished-at="2021-09-22T17:46:06Z" duration-ms="4423" status="PASS">
          <params>
            <param index="0">
              <value>
                <![CDATA[5192607817637633]]>
              </value>
            </param>
            <param index="1">
              <value>
                <![CDATA[GFHJ76878GVHJ]]>
              </value>
            </param>
          </params>
          <reporter-output>
          </reporter-output>
        </test-method> <!-- cardholderlogin -->
        <test-method signature="cardholderlogin(java.lang.String, java.lang.String)[pri:1, instance:Cardholder.Quick_Login_with_valid_credentials@13e344d]" started-at="2021-09-22T17:46:06Z" name="cardholderlogin" data-provider="login_data" finished-at="2021-09-22T17:46:10Z" duration-ms="4417" status="PASS">
          <params>
            <param index="0">
              <value>
                <![CDATA[5192607817637308]]>
              </value>
            </param>
            <param index="1">
              <value>
                <![CDATA[GFHJ76878GVHJ]]>
              </value>
            </param>
          </params>
          <reporter-output>
          </reporter-output>
        </test-method> <!-- cardholderlogin -->
        <test-method signature="cardstatement()[pri:2, instance:Cardholder.Quick_Login_with_valid_credentials@13e344d]" started-at="2021-09-22T17:46:10Z" name="cardstatement" finished-at="2021-09-22T17:46:56Z" duration-ms="45547" status="PASS">
          <reporter-output>
          </reporter-output>
        </test-method> <!-- cardstatement -->
      </class> <!-- Cardholder.Quick_Login_with_valid_credentials -->
    </test> <!-- Default test -->
  </suite> <!-- Default suite -->
</testng-results>
